0 info it worked if it ends with ok
1 verbose cli [ 'C:\\Program Files\\nodejs\\node.exe',
1 verbose cli   'C:\\Program Files\\nodejs\\node_modules\\npm\\bin\\npm-cli.js',
1 verbose cli   'run',
1 verbose cli   'build' ]
2 info using npm@4.1.2
3 info using node@v7.7.1
4 verbose run-script [ 'prebuild', 'build', 'postbuild' ]
5 info lifecycle c@1.0.0~prebuild: c@1.0.0
6 silly lifecycle c@1.0.0~prebuild: no script for prebuild, continuing
7 info lifecycle c@1.0.0~build: c@1.0.0
8 verbose lifecycle c@1.0.0~build: unsafe-perm in lifecycle true
9 verbose lifecycle c@1.0.0~build: PATH: C:\Program Files\nodejs\node_modules\npm\bin\node-gyp-bin;D:\DESCARGAS\proyectos varios\4JH\node_modules\.bin;C:\Windows\system32;C:\Windows;C:\Windows\System32\Wbem;C:\Windows\System32\WindowsPowerShell\v1.0\;C:\Program Files\nodejs\;;C:\Users\Juan\AppData\Local\Programs\Microsoft VS Code\bin;C:\Users\Juan\AppData\Roaming\npm
10 verbose lifecycle c@1.0.0~build: CWD: D:\DESCARGAS\proyectos varios\4JH
11 silly lifecycle c@1.0.0~build: Args: [ '/d /s /c',
11 silly lifecycle   'purgecss --css stles.css --content index.html -o reducido.css' ]
12 silly lifecycle c@1.0.0~build: Returned: code: 1  signal: null
13 info lifecycle c@1.0.0~build: Failed to exec build script
14 verbose stack Error: c@1.0.0 build: `purgecss --css stles.css --content index.html -o reducido.css`
14 verbose stack Exit status 1
14 verbose stack     at EventEmitter.<anonymous> (C:\Program Files\nodejs\node_modules\npm\lib\utils\lifecycle.js:279:16)
14 verbose stack     at emitTwo (events.js:106:13)
14 verbose stack     at EventEmitter.emit (events.js:194:7)
14 verbose stack     at ChildProcess.<anonymous> (C:\Program Files\nodejs\node_modules\npm\lib\utils\spawn.js:40:14)
14 verbose stack     at emitTwo (events.js:106:13)
14 verbose stack     at ChildProcess.emit (events.js:194:7)
14 verbose stack     at maybeClose (internal/child_process.js:899:16)
14 verbose stack     at Process.ChildProcess._handle.onexit (internal/child_process.js:226:5)
15 verbose pkgid c@1.0.0
16 verbose cwd D:\DESCARGAS\proyectos varios\4JH
17 error Windows_NT 6.1.7601
18 error argv "C:\\Program Files\\nodejs\\node.exe" "C:\\Program Files\\nodejs\\node_modules\\npm\\bin\\npm-cli.js" "run" "build"
19 error node v7.7.1
20 error npm  v4.1.2
21 error code ELIFECYCLE
22 error c@1.0.0 build: `purgecss --css stles.css --content index.html -o reducido.css`
22 error Exit status 1
23 error Failed at the c@1.0.0 build script 'purgecss --css stles.css --content index.html -o reducido.css'.
23 error Make sure you have the latest version of node.js and npm installed.
23 error If you do, this is most likely a problem with the c package,
23 error not with npm itself.
23 error Tell the author that this fails on your system:
23 error     purgecss --css stles.css --content index.html -o reducido.css
23 error You can get information on how to open an issue for this project with:
23 error     npm bugs c
23 error Or if that isn't available, you can get their info via:
23 error     npm owner ls c
23 error There is likely additional logging output above.
24 verbose exit [ 1, true ]
